2024-08-31 15:56:56,215 INFO o.s.d.r.c.RepositoryConfigurationDelegate [restartedMain] Bootstrapping Spring Data JPA repositories in DEFAULT mode.
2024-08-31 15:56:56,270 INFO o.s.d.r.c.RepositoryConfigurationDelegate [restartedMain] Finished Spring Data repository scanning in 53 ms. Found 7 JPA repository interfaces.
2024-08-31 15:56:56,921 INFO o.s.b.w.e.t.TomcatWebServer [restartedMain] Tomcat initialized with port 1234 (http)
2024-08-31 15:56:56,922 INFO o.a.j.l.DirectJDKLog [restartedMain] Initializing ProtocolHandler ["http-nio-1234"]
2024-08-31 15:56:56,923 INFO o.a.j.l.DirectJDKLog [restartedMain] Starting service [Tomcat]
2024-08-31 15:56:56,924 INFO o.a.j.l.DirectJDKLog [restartedMain] Starting Servlet engine: [Apache Tomcat/10.1.26]
2024-08-31 15:56:56,974 INFO o.a.j.l.DirectJDKLog [restartedMain] Initializing Spring embedded WebApplicationContext
2024-08-31 15:56:56,975 INFO o.s.b.w.s.c.ServletWebServerApplicationContext [restartedMain] Root WebApplicationContext: initialization completed in 1275 ms
2024-08-31 15:56:57,202 INFO c.z.h.HikariDataSource [restartedMain] HikariPool-2 - Starting...
2024-08-31 15:56:58,115 INFO c.z.h.p.HikariPool [restartedMain] HikariPool-2 - Added connection com.mysql.cj.jdbc.ConnectionImpl@2607b72
2024-08-31 15:56:58,116 INFO c.z.h.HikariDataSource [restartedMain] HikariPool-2 - Start completed.
2024-08-31 15:56:58,120 INFO o.h.j.i.u.LogHelper [restartedMain] HHH000204: Processing PersistenceUnitInfo [name: default]
2024-08-31 15:56:58,125 WARN o.h.j.b.i.EntityManagerFactoryBuilderImpl [restartedMain] HHH90000021: Encountered deprecated setting [javax.persistence.validation.mode], use [jakarta.persistence.validation.mode] instead
2024-08-31 15:56:58,130 INFO o.h.c.i.RegionFactoryInitiator [restartedMain] HHH000026: Second-level cache disabled
2024-08-31 15:56:58,161 INFO o.s.o.j.p.SpringPersistenceUnitInfo [restartedMain] No LoadTimeWeaver setup: ignoring JPA class transformer
2024-08-31 15:56:58,699 INFO o.h.e.t.j.p.i.JtaPlatformInitiator [restartedMain] HHH000489: No JTA platform available (set 'hibernate.transaction.jta.platform' to enable JTA platform integration)
2024-08-31 15:56:58,703 INFO o.s.o.j.AbstractEntityManagerFactoryBean [restartedMain] Initialized JPA EntityManagerFactory for persistence unit 'default'
2024-08-31 15:56:59,530 WARN o.s.d.j.r.q.NamedQuery [restartedMain] Finder method public abstract org.springframework.data.domain.Page com.makin.makinschool.repository.ContactRepository.findOpenMsgsNative(java.lang.String,org.springframework.data.domain.Pageable) is backed by a NamedQuery but contains a Pageable parameter; Sorting delivered via this Pageable will not be applied
2024-08-31 15:56:59,535 WARN o.s.d.j.r.q.NamedQuery [restartedMain] Finder method public abstract org.springframework.data.domain.Page com.makin.makinschool.repository.ContactRepository.findOpenMsgs(java.lang.String,org.springframework.data.domain.Pageable) is backed by a NamedQuery but contains a Pageable parameter; Sorting delivered via this Pageable will not be applied
2024-08-31 15:56:59,875 WARN o.s.b.a.o.j.JpaBaseConfiguration$JpaWebConfiguration [restartedMain] spring.jpa.open-in-view is enabled by default. Therefore, database queries may be performed during view rendering. Explicitly configure spring.jpa.open-in-view to disable this warning
2024-08-31 15:57:00,249 INFO o.s.s.c.a.a.c.InitializeAuthenticationProviderBeanManagerConfigurer$InitializeAuthenticationProviderManagerConfigurer [restartedMain] Global AuthenticationManager configured with AuthenticationProvider bean with name usernamePasswordAuthProvider
2024-08-31 15:57:01,869 INFO o.s.b.d.a.OptionalLiveReloadServer [restartedMain] LiveReload server is running on port 35729
2024-08-31 15:57:01,923 INFO o.a.j.l.DirectJDKLog [restartedMain] Starting ProtocolHandler ["http-nio-1234"]
2024-08-31 15:57:01,934 INFO o.s.b.w.e.t.TomcatWebServer [restartedMain] Tomcat started on port 1234 (http) with context path '/makin'
2024-08-31 15:57:01,954 INFO o.s.b.d.a.ConditionEvaluationDeltaLoggingListener [restartedMain] Condition evaluation unchanged
2024-08-31 15:57:03,310 INFO o.s.b.d.a.LocalDevToolsAutoConfiguration$RestartingClassPathChangeChangedEventListener [File Watcher] Restarting due to 1 class path change (0 additions, 0 deletions, 1 modification)
2024-08-31 15:57:03,313 INFO o.a.j.l.DirectJDKLog [Thread-7] Stopping ProtocolHandler ["http-nio-1234"]
2024-08-31 15:57:03,342 INFO o.s.o.j.AbstractEntityManagerFactoryBean [Thread-7] Closing JPA EntityManagerFactory for persistence unit 'default'
2024-08-31 15:57:03,343 INFO c.z.h.HikariDataSource [Thread-7] HikariPool-2 - Shutdown initiated...
2024-08-31 15:57:03,843 INFO c.z.h.HikariDataSource [Thread-7] HikariPool-2 - Shutdown completed.
2024-08-31 15:57:16,531 INFO o.s.d.r.c.RepositoryConfigurationDelegate [restartedMain] Bootstrapping Spring Data JPA repositories in DEFAULT mode.
2024-08-31 15:57:16,582 INFO o.s.d.r.c.RepositoryConfigurationDelegate [restartedMain] Finished Spring Data repository scanning in 50 ms. Found 7 JPA repository interfaces.
2024-08-31 15:57:17,295 INFO o.s.b.w.e.t.TomcatWebServer [restartedMain] Tomcat initialized with port 1234 (http)
2024-08-31 15:57:17,296 INFO o.a.j.l.DirectJDKLog [restartedMain] Initializing ProtocolHandler ["http-nio-1234"]
2024-08-31 15:57:17,297 INFO o.a.j.l.DirectJDKLog [restartedMain] Starting service [Tomcat]
2024-08-31 15:57:17,298 INFO o.a.j.l.DirectJDKLog [restartedMain] Starting Servlet engine: [Apache Tomcat/10.1.26]
2024-08-31 15:57:17,339 INFO o.a.j.l.DirectJDKLog [restartedMain] Initializing Spring embedded WebApplicationContext
2024-08-31 15:57:17,339 INFO o.s.b.w.s.c.ServletWebServerApplicationContext [restartedMain] Root WebApplicationContext: initialization completed in 1356 ms
2024-08-31 15:57:17,555 INFO c.z.h.HikariDataSource [restartedMain] HikariPool-3 - Starting...
2024-08-31 15:57:18,427 INFO c.z.h.p.HikariPool [restartedMain] HikariPool-3 - Added connection com.mysql.cj.jdbc.ConnectionImpl@78ee0bae
2024-08-31 15:57:18,428 INFO c.z.h.HikariDataSource [restartedMain] HikariPool-3 - Start completed.
2024-08-31 15:57:18,430 INFO o.h.j.i.u.LogHelper [restartedMain] HHH000204: Processing PersistenceUnitInfo [name: default]
2024-08-31 15:57:18,433 WARN o.h.j.b.i.EntityManagerFactoryBuilderImpl [restartedMain] HHH90000021: Encountered deprecated setting [javax.persistence.validation.mode], use [jakarta.persistence.validation.mode] instead
2024-08-31 15:57:18,435 INFO o.h.c.i.RegionFactoryInitiator [restartedMain] HHH000026: Second-level cache disabled
2024-08-31 15:57:18,453 INFO o.s.o.j.p.SpringPersistenceUnitInfo [restartedMain] No LoadTimeWeaver setup: ignoring JPA class transformer
2024-08-31 15:57:18,896 INFO o.h.e.t.j.p.i.JtaPlatformInitiator [restartedMain] HHH000489: No JTA platform available (set 'hibernate.transaction.jta.platform' to enable JTA platform integration)
2024-08-31 15:57:18,899 INFO o.s.o.j.AbstractEntityManagerFactoryBean [restartedMain] Initialized JPA EntityManagerFactory for persistence unit 'default'
2024-08-31 15:57:19,561 WARN o.s.d.j.r.q.NamedQuery [restartedMain] Finder method public abstract org.springframework.data.domain.Page com.makin.makinschool.repository.ContactRepository.findOpenMsgsNative(java.lang.String,org.springframework.data.domain.Pageable) is backed by a NamedQuery but contains a Pageable parameter; Sorting delivered via this Pageable will not be applied
2024-08-31 15:57:19,568 WARN o.s.d.j.r.q.NamedQuery [restartedMain] Finder method public abstract org.springframework.data.domain.Page com.makin.makinschool.repository.ContactRepository.findOpenMsgs(java.lang.String,org.springframework.data.domain.Pageable) is backed by a NamedQuery but contains a Pageable parameter; Sorting delivered via this Pageable will not be applied
2024-08-31 15:57:19,840 WARN o.s.b.a.o.j.JpaBaseConfiguration$JpaWebConfiguration [restartedMain] spring.jpa.open-in-view is enabled by default. Therefore, database queries may be performed during view rendering. Explicitly configure spring.jpa.open-in-view to disable this warning
2024-08-31 15:57:20,190 INFO o.s.s.c.a.a.c.InitializeAuthenticationProviderBeanManagerConfigurer$InitializeAuthenticationProviderManagerConfigurer [restartedMain] Global AuthenticationManager configured with AuthenticationProvider bean with name usernamePasswordAuthProvider
2024-08-31 15:57:21,953 INFO o.s.b.d.a.OptionalLiveReloadServer [restartedMain] LiveReload server is running on port 35729
2024-08-31 15:57:22,004 INFO o.a.j.l.DirectJDKLog [restartedMain] Starting ProtocolHandler ["http-nio-1234"]
2024-08-31 15:57:22,037 INFO o.s.b.w.e.t.TomcatWebServer [restartedMain] Tomcat started on port 1234 (http) with context path '/makin'
2024-08-31 15:57:22,052 INFO o.s.b.d.a.ConditionEvaluationDeltaLoggingListener [restartedMain] Condition evaluation unchanged
2024-08-31 15:57:24,845 INFO o.s.o.j.AbstractEntityManagerFactoryBean [SpringApplicationShutdownHook] Closing JPA EntityManagerFactory for persistence unit 'default'
2024-08-31 15:57:24,847 INFO c.z.h.HikariDataSource [SpringApplicationShutdownHook] HikariPool-3 - Shutdown initiated...
2024-08-31 15:57:25,615 INFO c.z.h.HikariDataSource [SpringApplicationShutdownHook] HikariPool-3 - Shutdown completed.
2024-08-31 15:57:31,776 INFO o.h.v.i.u.Version [background-preinit] HV000001: Hibernate Validator 8.0.1.Final
2024-08-31 15:57:32,052 INFO o.s.b.l.DeferredLog [restartedMain] Devtools property defaults active! Set 'spring.devtools.add-properties' to 'false' to disable
2024-08-31 15:57:32,053 INFO o.s.b.l.DeferredLog [restartedMain] For additional web related logging consider setting the 'logging.level.web' property to 'DEBUG'
2024-08-31 15:57:33,676 INFO o.s.d.r.c.RepositoryConfigurationDelegate [restartedMain] Bootstrapping Spring Data JPA repositories in DEFAULT mode.
2024-08-31 15:57:33,860 INFO o.s.d.r.c.RepositoryConfigurationDelegate [restartedMain] Finished Spring Data repository scanning in 158 ms. Found 7 JPA repository interfaces.
2024-08-31 15:57:36,893 INFO o.s.b.w.e.t.TomcatWebServer [restartedMain] Tomcat initialized with port 1234 (http)
2024-08-31 15:57:36,915 INFO o.a.j.l.DirectJDKLog [restartedMain] Initializing ProtocolHandler ["http-nio-1234"]
2024-08-31 15:57:36,919 INFO o.a.j.l.DirectJDKLog [restartedMain] Starting service [Tomcat]
2024-08-31 15:57:36,920 INFO o.a.j.l.DirectJDKLog [restartedMain] Starting Servlet engine: [Apache Tomcat/10.1.26]
2024-08-31 15:57:37,045 INFO o.a.j.l.DirectJDKLog [restartedMain] Initializing Spring embedded WebApplicationContext
2024-08-31 15:57:37,048 INFO o.s.b.w.s.c.ServletWebServerApplicationContext [restartedMain] Root WebApplicationContext: initialization completed in 4991 ms
2024-08-31 15:57:37,502 INFO c.z.h.HikariDataSource [restartedMain] HikariPool-1 - Starting...
2024-08-31 15:57:39,336 INFO c.z.h.p.HikariPool [restartedMain] HikariPool-1 - Added connection com.mysql.cj.jdbc.ConnectionImpl@6ad8d14f
2024-08-31 15:57:39,344 INFO c.z.h.HikariDataSource [restartedMain] HikariPool-1 - Start completed.
2024-08-31 15:57:39,454 INFO o.h.j.i.u.LogHelper [restartedMain] HHH000204: Processing PersistenceUnitInfo [name: default]
2024-08-31 15:57:39,629 INFO o.h.Version [restartedMain] HHH000412: Hibernate ORM core version 6.5.2.Final
2024-08-31 15:57:39,650 WARN o.h.j.b.i.EntityManagerFactoryBuilderImpl [restartedMain] HHH90000021: Encountered deprecated setting [javax.persistence.validation.mode], use [jakarta.persistence.validation.mode] instead
2024-08-31 15:57:39,742 INFO o.h.c.i.RegionFactoryInitiator [restartedMain] HHH000026: Second-level cache disabled
2024-08-31 15:57:40,688 INFO o.s.o.j.p.SpringPersistenceUnitInfo [restartedMain] No LoadTimeWeaver setup: ignoring JPA class transformer
2024-08-31 15:57:44,664 INFO o.h.e.t.j.p.i.JtaPlatformInitiator [restartedMain] HHH000489: No JTA platform available (set 'hibernate.transaction.jta.platform' to enable JTA platform integration)
2024-08-31 15:57:45,508 INFO o.s.o.j.AbstractEntityManagerFactoryBean [restartedMain] Initialized JPA EntityManagerFactory for persistence unit 'default'
2024-08-31 15:57:47,213 INFO o.s.d.j.r.q.QueryEnhancerFactory [restartedMain] Hibernate is in classpath; If applicable, HQL parser will be used.
2024-08-31 15:57:47,797 WARN o.s.d.j.r.q.NamedQuery [restartedMain] Finder method public abstract org.springframework.data.domain.Page com.makin.makinschool.repository.ContactRepository.findOpenMsgsNative(java.lang.String,org.springframework.data.domain.Pageable) is backed by a NamedQuery but contains a Pageable parameter; Sorting delivered via this Pageable will not be applied
2024-08-31 15:57:47,830 WARN o.s.d.j.r.q.NamedQuery [restartedMain] Finder method public abstract org.springframework.data.domain.Page com.makin.makinschool.repository.ContactRepository.findOpenMsgs(java.lang.String,org.springframework.data.domain.Pageable) is backed by a NamedQuery but contains a Pageable parameter; Sorting delivered via this Pageable will not be applied
2024-08-31 15:57:48,221 WARN o.s.b.a.o.j.JpaBaseConfiguration$JpaWebConfiguration [restartedMain] spring.jpa.open-in-view is enabled by default. Therefore, database queries may be performed during view rendering. Explicitly configure spring.jpa.open-in-view to disable this warning
2024-08-31 15:57:48,756 INFO o.s.s.c.a.a.c.InitializeAuthenticationProviderBeanManagerConfigurer$InitializeAuthenticationProviderManagerConfigurer [restartedMain] Global AuthenticationManager configured with AuthenticationProvider bean with name usernamePasswordAuthProvider
2024-08-31 15:57:52,205 INFO o.s.b.d.a.OptionalLiveReloadServer [restartedMain] LiveReload server is running on port 35729
2024-08-31 15:57:52,272 INFO o.a.j.l.DirectJDKLog [restartedMain] Starting ProtocolHandler ["http-nio-1234"]
2024-08-31 15:57:52,330 INFO o.s.b.w.e.t.TomcatWebServer [restartedMain] Tomcat started on port 1234 (http) with context path '/makin'
2024-08-31 16:01:55,802 INFO o.s.b.d.a.LocalDevToolsAutoConfiguration$RestartingClassPathChangeChangedEventListener [File Watcher] Restarting due to 2 class path changes (0 additions, 2 deletions, 0 modifications)
2024-08-31 16:01:55,814 INFO o.a.j.l.DirectJDKLog [Thread-5] Stopping ProtocolHandler ["http-nio-1234"]
2024-08-31 16:01:55,853 INFO o.s.o.j.AbstractEntityManagerFactoryBean [Thread-5] Closing JPA EntityManagerFactory for persistence unit 'default'
2024-08-31 16:01:55,861 INFO c.z.h.HikariDataSource [Thread-5] HikariPool-1 - Shutdown initiated...
2024-08-31 16:01:56,582 INFO c.z.h.HikariDataSource [Thread-5] HikariPool-1 - Shutdown completed.
2024-08-31 16:01:57,346 INFO o.s.d.r.c.RepositoryConfigurationDelegate [restartedMain] Bootstrapping Spring Data JPA repositories in DEFAULT mode.
2024-08-31 16:01:57,397 INFO o.s.d.r.c.RepositoryConfigurationDelegate [restartedMain] Finished Spring Data repository scanning in 49 ms. Found 7 JPA repository interfaces.
2024-08-31 16:01:57,994 INFO o.s.b.w.e.t.TomcatWebServer [restartedMain] Tomcat initialized with port 1234 (http)
2024-08-31 16:01:57,996 INFO o.a.j.l.DirectJDKLog [restartedMain] Initializing ProtocolHandler ["http-nio-1234"]
2024-08-31 16:01:57,996 INFO o.a.j.l.DirectJDKLog [restartedMain] Starting service [Tomcat]
2024-08-31 16:01:57,997 INFO o.a.j.l.DirectJDKLog [restartedMain] Starting Servlet engine: [Apache Tomcat/10.1.26]
2024-08-31 16:01:58,038 INFO o.a.j.l.DirectJDKLog [restartedMain] Initializing Spring embedded WebApplicationContext
2024-08-31 16:01:58,039 INFO o.s.b.w.s.c.ServletWebServerApplicationContext [restartedMain] Root WebApplicationContext: initialization completed in 1217 ms
2024-08-31 16:01:58,223 INFO c.z.h.HikariDataSource [restartedMain] HikariPool-2 - Starting...
2024-08-31 16:01:59,229 INFO c.z.h.p.HikariPool [restartedMain] HikariPool-2 - Added connection com.mysql.cj.jdbc.ConnectionImpl@6c5c89a2
2024-08-31 16:01:59,230 INFO c.z.h.HikariDataSource [restartedMain] HikariPool-2 - Start completed.
2024-08-31 16:01:59,233 INFO o.h.j.i.u.LogHelper [restartedMain] HHH000204: Processing PersistenceUnitInfo [name: default]
2024-08-31 16:01:59,238 WARN o.h.j.b.i.EntityManagerFactoryBuilderImpl [restartedMain] HHH90000021: Encountered deprecated setting [javax.persistence.validation.mode], use [jakarta.persistence.validation.mode] instead
2024-08-31 16:01:59,242 INFO o.h.c.i.RegionFactoryInitiator [restartedMain] HHH000026: Second-level cache disabled
2024-08-31 16:01:59,268 INFO o.s.o.j.p.SpringPersistenceUnitInfo [restartedMain] No LoadTimeWeaver setup: ignoring JPA class transformer
2024-08-31 16:01:59,908 INFO o.h.e.t.j.p.i.JtaPlatformInitiator [restartedMain] HHH000489: No JTA platform available (set 'hibernate.transaction.jta.platform' to enable JTA platform integration)
2024-08-31 16:01:59,913 INFO o.s.o.j.AbstractEntityManagerFactoryBean [restartedMain] Initialized JPA EntityManagerFactory for persistence unit 'default'
2024-08-31 16:02:00,670 WARN o.s.d.j.r.q.NamedQuery [restartedMain] Finder method public abstract org.springframework.data.domain.Page com.makin.makinschool.repository.ContactRepository.findOpenMsgsNative(java.lang.String,org.springframework.data.domain.Pageable) is backed by a NamedQuery but contains a Pageable parameter; Sorting delivered via this Pageable will not be applied
2024-08-31 16:02:00,679 WARN o.s.d.j.r.q.NamedQuery [restartedMain] Finder method public abstract org.springframework.data.domain.Page com.makin.makinschool.repository.ContactRepository.findOpenMsgs(java.lang.String,org.springframework.data.domain.Pageable) is backed by a NamedQuery but contains a Pageable parameter; Sorting delivered via this Pageable will not be applied
2024-08-31 16:02:00,960 WARN o.s.b.a.o.j.JpaBaseConfiguration$JpaWebConfiguration [restartedMain] spring.jpa.open-in-view is enabled by default. Therefore, database queries may be performed during view rendering. Explicitly configure spring.jpa.open-in-view to disable this warning
2024-08-31 16:02:01,295 INFO o.s.s.c.a.a.c.InitializeAuthenticationProviderBeanManagerConfigurer$InitializeAuthenticationProviderManagerConfigurer [restartedMain] Global AuthenticationManager configured with AuthenticationProvider bean with name usernamePasswordAuthProvider
2024-08-31 16:02:02,962 INFO o.s.b.d.a.OptionalLiveReloadServer [restartedMain] LiveReload server is running on port 35729
2024-08-31 16:02:03,001 INFO o.a.j.l.DirectJDKLog [restartedMain] Starting ProtocolHandler ["http-nio-1234"]
2024-08-31 16:02:03,007 INFO o.s.b.w.e.t.TomcatWebServer [restartedMain] Tomcat started on port 1234 (http) with context path '/makin'
2024-08-31 16:02:03,022 INFO o.s.b.d.a.ConditionEvaluationDeltaLoggingListener [restartedMain] Condition evaluation unchanged
2024-08-31 16:02:04,417 INFO o.s.b.d.a.LocalDevToolsAutoConfiguration$RestartingClassPathChangeChangedEventListener [File Watcher] Restarting due to 2 class path changes (2 additions, 0 deletions, 0 modifications)
2024-08-31 16:02:04,422 INFO o.a.j.l.DirectJDKLog [Thread-7] Stopping ProtocolHandler ["http-nio-1234"]
2024-08-31 16:02:04,458 INFO o.s.o.j.AbstractEntityManagerFactoryBean [Thread-7] Closing JPA EntityManagerFactory for persistence unit 'default'
2024-08-31 16:02:04,461 INFO c.z.h.HikariDataSource [Thread-7] HikariPool-2 - Shutdown initiated...
2024-08-31 16:02:05,141 INFO c.z.h.HikariDataSource [Thread-7] HikariPool-2 - Shutdown completed.
2024-08-31 16:02:05,914 INFO o.s.d.r.c.RepositoryConfigurationDelegate [restartedMain] Bootstrapping Spring Data JPA repositories in DEFAULT mode.
2024-08-31 16:02:05,959 INFO o.s.d.r.c.RepositoryConfigurationDelegate [restartedMain] Finished Spring Data repository scanning in 43 ms. Found 7 JPA repository interfaces.
2024-08-31 16:02:06,643 INFO o.s.b.w.e.t.TomcatWebServer [restartedMain] Tomcat initialized with port 1234 (http)
2024-08-31 16:02:06,645 INFO o.a.j.l.DirectJDKLog [restartedMain] Initializing ProtocolHandler ["http-nio-1234"]
2024-08-31 16:02:06,646 INFO o.a.j.l.DirectJDKLog [restartedMain] Starting service [Tomcat]
2024-08-31 16:02:06,646 INFO o.a.j.l.DirectJDKLog [restartedMain] Starting Servlet engine: [Apache Tomcat/10.1.26]
2024-08-31 16:02:06,702 INFO o.a.j.l.DirectJDKLog [restartedMain] Initializing Spring embedded WebApplicationContext
2024-08-31 16:02:06,702 INFO o.s.b.w.s.c.ServletWebServerApplicationContext [restartedMain] Root WebApplicationContext: initialization completed in 1339 ms
2024-08-31 16:02:06,910 INFO c.z.h.HikariDataSource [restartedMain] HikariPool-3 - Starting...
2024-08-31 16:02:07,781 INFO c.z.h.p.HikariPool [restartedMain] HikariPool-3 - Added connection com.mysql.cj.jdbc.ConnectionImpl@6c66ab05
2024-08-31 16:02:07,782 INFO c.z.h.HikariDataSource [restartedMain] HikariPool-3 - Start completed.
2024-08-31 16:02:07,785 INFO o.h.j.i.u.LogHelper [restartedMain] HHH000204: Processing PersistenceUnitInfo [name: default]
2024-08-31 16:02:07,789 WARN o.h.j.b.i.EntityManagerFactoryBuilderImpl [restartedMain] HHH90000021: Encountered deprecated setting [javax.persistence.validation.mode], use [jakarta.persistence.validation.mode] instead
2024-08-31 16:02:07,791 INFO o.h.c.i.RegionFactoryInitiator [restartedMain] HHH000026: Second-level cache disabled
2024-08-31 16:02:07,810 INFO o.s.o.j.p.SpringPersistenceUnitInfo [restartedMain] No LoadTimeWeaver setup: ignoring JPA class transformer
2024-08-31 16:02:08,312 INFO o.h.e.t.j.p.i.JtaPlatformInitiator [restartedMain] HHH000489: No JTA platform available (set 'hibernate.transaction.jta.platform' to enable JTA platform integration)
2024-08-31 16:02:08,315 INFO o.s.o.j.AbstractEntityManagerFactoryBean [restartedMain] Initialized JPA EntityManagerFactory for persistence unit 'default'
2024-08-31 16:02:08,985 WARN o.s.d.j.r.q.NamedQuery [restartedMain] Finder method public abstract org.springframework.data.domain.Page com.makin.makinschool.repository.ContactRepository.findOpenMsgsNative(java.lang.String,org.springframework.data.domain.Pageable) is backed by a NamedQuery but contains a Pageable parameter; Sorting delivered via this Pageable will not be applied
2024-08-31 16:02:08,997 WARN o.s.d.j.r.q.NamedQuery [restartedMain] Finder method public abstract org.springframework.data.domain.Page com.makin.makinschool.repository.ContactRepository.findOpenMsgs(java.lang.String,org.springframework.data.domain.Pageable) is backed by a NamedQuery but contains a Pageable parameter; Sorting delivered via this Pageable will not be applied
2024-08-31 16:02:09,233 WARN o.s.b.a.o.j.JpaBaseConfiguration$JpaWebConfiguration [restartedMain] spring.jpa.open-in-view is enabled by default. Therefore, database queries may be performed during view rendering. Explicitly configure spring.jpa.open-in-view to disable this warning
2024-08-31 16:02:09,591 INFO o.s.s.c.a.a.c.InitializeAuthenticationProviderBeanManagerConfigurer$InitializeAuthenticationProviderManagerConfigurer [restartedMain] Global AuthenticationManager configured with AuthenticationProvider bean with name usernamePasswordAuthProvider
2024-08-31 16:02:11,217 INFO o.s.b.d.a.OptionalLiveReloadServer [restartedMain] LiveReload server is running on port 35729
2024-08-31 16:02:11,257 INFO o.a.j.l.DirectJDKLog [restartedMain] Starting ProtocolHandler ["http-nio-1234"]
2024-08-31 16:02:11,264 INFO o.s.b.w.e.t.TomcatWebServer [restartedMain] Tomcat started on port 1234 (http) with context path '/makin'
2024-08-31 16:02:11,275 INFO o.s.b.d.a.ConditionEvaluationDeltaLoggingListener [restartedMain] Condition evaluation unchanged
2024-08-31 16:02:13,765 INFO o.a.j.l.DirectJDKLog [http-nio-1234-exec-1] Initializing Spring DispatcherServlet 'dispatcherServlet'
2024-08-31 16:02:13,767 INFO o.s.w.s.FrameworkServlet [http-nio-1234-exec-1] Initializing Servlet 'dispatcherServlet'
2024-08-31 16:02:13,777 INFO o.s.w.s.FrameworkServlet [http-nio-1234-exec-1] Completed initialization in 7 ms
2024-08-31 16:02:14,482 WARN o.t.s.p.AbstractStandardFragmentInsertionTagProcessor [http-nio-1234-exec-3] [THYMELEAF][http-nio-1234-exec-3][login] Deprecated unwrapped fragment expression "_defaultHeadTag" found in template login, line 3, col 7. Please use the complete syntax of fragment expressions instead ("~{_defaultHeadTag}"). The old, unwrapped syntax for fragment expressions will be removed in future versions of Thymeleaf.
2024-08-31 16:02:14,725 WARN o.t.s.p.AbstractStandardFragmentInsertionTagProcessor [http-nio-1234-exec-3] [THYMELEAF][http-nio-1234-exec-3][login] Deprecated unwrapped fragment expression "_header" found in template login, line 6, col 6. Please use the complete syntax of fragment expressions instead ("~{_header}"). The old, unwrapped syntax for fragment expressions will be removed in future versions of Thymeleaf.
2024-08-31 16:02:14,875 WARN o.t.s.p.AbstractStandardFragmentInsertionTagProcessor [http-nio-1234-exec-3] [THYMELEAF][http-nio-1234-exec-3][login] Deprecated unwrapped fragment expression "_footer" found in template login, line 51, col 6. Please use the complete syntax of fragment expressions instead ("~{_footer}"). The old, unwrapped syntax for fragment expressions will be removed in future versions of Thymeleaf.
2024-08-31 16:02:14,886 WARN o.t.s.p.AbstractStandardFragmentInsertionTagProcessor [http-nio-1234-exec-3] [THYMELEAF][http-nio-1234-exec-3][login] Deprecated unwrapped fragment expression "_defaultFooterScriptTag" found in template login, line 52, col 6. Please use the complete syntax of fragment expressions instead ("~{_defaultFooterScriptTag}"). The old, unwrapped syntax for fragment expressions will be removed in future versions of Thymeleaf.
2024-08-31 16:02:22,194 ERROR c.m.m.c.DashboardPageController [http-nio-1234-exec-1] This is an error message.
2024-08-31 16:02:22,194 WARN c.m.m.c.DashboardPageController [http-nio-1234-exec-1] This is a warn message.
2024-08-31 16:02:22,195 INFO c.m.m.c.DashboardPageController [http-nio-1234-exec-1] This is an info message.
2024-08-31 16:02:22,195 TRACE c.m.m.c.DashboardPageController [http-nio-1234-exec-1] This is a trace message.
2024-08-31 16:02:22,231 WARN o.t.s.p.AbstractStandardFragmentInsertionTagProcessor [http-nio-1234-exec-1] [THYMELEAF][http-nio-1234-exec-1][dashboard] Deprecated unwrapped fragment expression "_defaultHeadTag" found in template dashboard, line 3, col 7. Please use the complete syntax of fragment expressions instead ("~{_defaultHeadTag}"). The old, unwrapped syntax for fragment expressions will be removed in future versions of Thymeleaf.
2024-08-31 16:02:22,234 WARN o.t.s.p.AbstractStandardFragmentInsertionTagProcessor [http-nio-1234-exec-1] [THYMELEAF][http-nio-1234-exec-1][dashboard] Deprecated unwrapped fragment expression "_header" found in template dashboard, line 6, col 6. Please use the complete syntax of fragment expressions instead ("~{_header}"). The old, unwrapped syntax for fragment expressions will be removed in future versions of Thymeleaf.
2024-08-31 16:02:22,270 WARN o.t.s.p.AbstractStandardFragmentInsertionTagProcessor [http-nio-1234-exec-1] [THYMELEAF][http-nio-1234-exec-1][dashboard] Deprecated unwrapped fragment expression "_footer" found in template dashboard, line 124, col 6. Please use the complete syntax of fragment expressions instead ("~{_footer}"). The old, unwrapped syntax for fragment expressions will be removed in future versions of Thymeleaf.
2024-08-31 16:02:22,285 WARN o.t.s.p.AbstractStandardFragmentInsertionTagProcessor [http-nio-1234-exec-1] [THYMELEAF][http-nio-1234-exec-1][dashboard] Deprecated unwrapped fragment expression "_defaultFooterScriptTag" found in template dashboard, line 125, col 6. Please use the complete syntax of fragment expressions instead ("~{_defaultFooterScriptTag}"). The old, unwrapped syntax for fragment expressions will be removed in future versions of Thymeleaf.
2024-08-31 16:02:33,012 WARN o.t.s.p.AbstractStandardFragmentInsertionTagProcessor [http-nio-1234-exec-7] [THYMELEAF][http-nio-1234-exec-7][profile] Deprecated unwrapped fragment expression "_defaultHeadTag" found in template profile, line 3, col 7. Please use the complete syntax of fragment expressions instead ("~{_defaultHeadTag}"). The old, unwrapped syntax for fragment expressions will be removed in future versions of Thymeleaf.
2024-08-31 16:02:33,014 WARN o.t.s.p.AbstractStandardFragmentInsertionTagProcessor [http-nio-1234-exec-7] [THYMELEAF][http-nio-1234-exec-7][profile] Deprecated unwrapped fragment expression "_header" found in template profile, line 6, col 6. Please use the complete syntax of fragment expressions instead ("~{_header}"). The old, unwrapped syntax for fragment expressions will be removed in future versions of Thymeleaf.
2024-08-31 16:02:33,064 WARN o.t.s.p.AbstractStandardFragmentInsertionTagProcessor [http-nio-1234-exec-7] [THYMELEAF][http-nio-1234-exec-7][profile] Deprecated unwrapped fragment expression "_footer" found in template profile, line 106, col 6. Please use the complete syntax of fragment expressions instead ("~{_footer}"). The old, unwrapped syntax for fragment expressions will be removed in future versions of Thymeleaf.
2024-08-31 16:02:33,068 WARN o.t.s.p.AbstractStandardFragmentInsertionTagProcessor [http-nio-1234-exec-7] [THYMELEAF][http-nio-1234-exec-7][profile] Deprecated unwrapped fragment expression "_defaultFooterScriptTag" found in template profile, line 108, col 6. Please use the complete syntax of fragment expressions instead ("~{_defaultFooterScriptTag}"). The old, unwrapped syntax for fragment expressions will be removed in future versions of Thymeleaf.
2024-08-31 16:02:37,131 ERROR c.m.m.c.DashboardPageController [http-nio-1234-exec-2] This is an error message.
2024-08-31 16:02:37,133 WARN c.m.m.c.DashboardPageController [http-nio-1234-exec-2] This is a warn message.
2024-08-31 16:02:37,134 INFO c.m.m.c.DashboardPageController [http-nio-1234-exec-2] This is an info message.
2024-08-31 16:02:37,134 TRACE c.m.m.c.DashboardPageController [http-nio-1234-exec-2] This is a trace message.
2024-08-31 16:02:37,139 WARN o.t.s.p.AbstractStandardFragmentInsertionTagProcessor [http-nio-1234-exec-2] [THYMELEAF][http-nio-1234-exec-2][dashboard] Deprecated unwrapped fragment expression "_defaultHeadTag" found in template dashboard, line 3, col 7. Please use the complete syntax of fragment expressions instead ("~{_defaultHeadTag}"). The old, unwrapped syntax for fragment expressions will be removed in future versions of Thymeleaf.
2024-08-31 16:02:37,142 WARN o.t.s.p.AbstractStandardFragmentInsertionTagProcessor [http-nio-1234-exec-2] [THYMELEAF][http-nio-1234-exec-2][dashboard] Deprecated unwrapped fragment expression "_header" found in template dashboard, line 6, col 6. Please use the complete syntax of fragment expressions instead ("~{_header}"). The old, unwrapped syntax for fragment expressions will be removed in future versions of Thymeleaf.
2024-08-31 16:02:37,159 WARN o.t.s.p.AbstractStandardFragmentInsertionTagProcessor [http-nio-1234-exec-2] [THYMELEAF][http-nio-1234-exec-2][dashboard] Deprecated unwrapped fragment expression "_footer" found in template dashboard, line 124, col 6. Please use the complete syntax of fragment expressions instead ("~{_footer}"). The old, unwrapped syntax for fragment expressions will be removed in future versions of Thymeleaf.
2024-08-31 16:02:37,163 WARN o.t.s.p.AbstractStandardFragmentInsertionTagProcessor [http-nio-1234-exec-2] [THYMELEAF][http-nio-1234-exec-2][dashboard] Deprecated unwrapped fragment expression "_defaultFooterScriptTag" found in template dashboard, line 125, col 6. Please use the complete syntax of fragment expressions instead ("~{_defaultFooterScriptTag}"). The old, unwrapped syntax for fragment expressions will be removed in future versions of Thymeleaf.
2024-08-31 16:02:38,805 WARN o.t.s.p.AbstractStandardFragmentInsertionTagProcessor [http-nio-1234-exec-5] [THYMELEAF][http-nio-1234-exec-5][classes] Deprecated unwrapped fragment expression "_header" found in template classes, line 14, col 6. Please use the complete syntax of fragment expressions instead ("~{_header}"). The old, unwrapped syntax for fragment expressions will be removed in future versions of Thymeleaf.
2024-08-31 16:02:38,873 WARN o.t.s.p.AbstractStandardFragmentInsertionTagProcessor [http-nio-1234-exec-5] [THYMELEAF][http-nio-1234-exec-5][classes] Deprecated unwrapped fragment expression "_footer" found in template classes, line 92, col 6. Please use the complete syntax of fragment expressions instead ("~{_footer}"). The old, unwrapped syntax for fragment expressions will be removed in future versions of Thymeleaf.
2024-08-31 16:02:41,892 WARN o.t.s.p.AbstractStandardFragmentInsertionTagProcessor [http-nio-1234-exec-3] [THYMELEAF][http-nio-1234-exec-3][students] Deprecated unwrapped fragment expression "_header" found in template students, line 14, col 6. Please use the complete syntax of fragment expressions instead ("~{_header}"). The old, unwrapped syntax for fragment expressions will be removed in future versions of Thymeleaf.
2024-08-31 16:02:42,595 WARN o.t.s.p.AbstractStandardFragmentInsertionTagProcessor [http-nio-1234-exec-3] [THYMELEAF][http-nio-1234-exec-3][students] Deprecated unwrapped fragment expression "_footer" found in template students, line 95, col 6. Please use the complete syntax of fragment expressions instead ("~{_footer}"). The old, unwrapped syntax for fragment expressions will be removed in future versions of Thymeleaf.
2024-08-31 16:02:51,632 WARN o.t.s.p.AbstractStandardFragmentInsertionTagProcessor [http-nio-1234-exec-7] [THYMELEAF][http-nio-1234-exec-7][students] Deprecated unwrapped fragment expression "_header" found in template students, line 14, col 6. Please use the complete syntax of fragment expressions instead ("~{_header}"). The old, unwrapped syntax for fragment expressions will be removed in future versions of Thymeleaf.
2024-08-31 16:02:52,244 WARN o.t.s.p.AbstractStandardFragmentInsertionTagProcessor [http-nio-1234-exec-7] [THYMELEAF][http-nio-1234-exec-7][students] Deprecated unwrapped fragment expression "_footer" found in template students, line 95, col 6. Please use the complete syntax of fragment expressions instead ("~{_footer}"). The old, unwrapped syntax for fragment expressions will be removed in future versions of Thymeleaf.
